[INFO] Scanning for projects...
[INFO] 
[INFO] ----------------------------< 01Max:01Max >-----------------------------
[INFO] Building 01Max 1.0
[INFO] --------------------------------[ jar ]---------------------------------
[INFO] 
[INFO] --- maven-resources-plugin:2.6:resources (default-resources) @ 01Max ---
[INFO] Using 'UTF-8' encoding to copy filtered resources.
[INFO] skip non existing resourceDirectory /home/auri/temp/vitor/novo_repo/projetos/01Max/src/main/resources
[INFO] 
[INFO] --- maven-compiler-plugin:3.1:compile (default-compile) @ 01Max ---
[INFO] Nothing to compile - all classes are up to date
[INFO] 
[INFO] --- maven-resources-plugin:2.6:testResources (default-testResources) @ 01Max ---
[INFO] Using 'UTF-8' encoding to copy filtered resources.
[INFO] skip non existing resourceDirectory /home/auri/temp/vitor/novo_repo/projetos/01Max/src/test/resources
[INFO] 
[INFO] --- maven-compiler-plugin:3.1:testCompile (default-testCompile) @ 01Max ---
[INFO] Nothing to compile - all classes are up to date
[INFO] 
[INFO] --- maven-surefire-plugin:2.19.1:test (default-test) @ 01Max ---

-------------------------------------------------------
 T E S T S
-------------------------------------------------------
Running ds.llm.MaxTest
Tests run: 8, Failures: 1, Errors: 0, Skipped: 0, Time elapsed: 0.067 sec <<< FAILURE! - in ds.llm.MaxTest
testMaxItemWithNegativeValues(ds.llm.MaxTest)  Time elapsed: 0.007 sec  <<< FAILURE!
java.lang.AssertionError: expected:<0> but was:<-2>
	at ds.llm.MaxTest.testMaxItemWithNegativeValues(MaxTest.java:37)


Results :

Failed tests: 
  MaxTest.testMaxItemWithNegativeValues:37 expected:<0> but was:<-2>

Tests run: 8, Failures: 1, Errors: 0, Skipped: 0

[INFO] ------------------------------------------------------------------------
[INFO] BUILD FAILURE
[INFO] ------------------------------------------------------------------------
[INFO] Total time:  2.183 s
[INFO] Finished at: 2023-07-26T19:06:58-03:00
[INFO] ------------------------------------------------------------------------
[ERROR] Failed to execute goal org.apache.maven.plugins:maven-surefire-plugin:2.19.1:test (default-test) on project 01Max: There are test failures.
[ERROR] 
[ERROR] Please refer to /home/auri/temp/vitor/novo_repo/projetos/01Max/target/surefire-reports for the individual test results.
[ERROR] -> [Help 1]
[ERROR] 
[ERROR] To see the full stack trace of the errors, re-run Maven with the -e switch.
[ERROR] Re-run Maven using the -X switch to enable full debug logging.
[ERROR] 
[ERROR] For more information about the errors and possible solutions, please read the following articles:
[ERROR] [Help 1] http://cwiki.apache.org/confluence/display/MAVEN/MojoFailureException
